  Enemy.cpp
  Tower.cpp
C:\Users\hieul\source\repos\tower_deff\tower_deff\Enemy.h(22,78): warning C4244: 'argument': conversion from 'int' to 'T', possible loss of data
C:\Users\hieul\source\repos\tower_deff\tower_deff\Enemy.h(22,78): warning C4244:         with
C:\Users\hieul\source\repos\tower_deff\tower_deff\Enemy.h(22,78): warning C4244:         [
C:\Users\hieul\source\repos\tower_deff\tower_deff\Enemy.h(22,78): warning C4244:             T=float
C:\Users\hieul\source\repos\tower_deff\tower_deff\Enemy.h(22,78): warning C4244:         ]
  (compiling source file 'Tower.cpp')
  
C:\Users\hieul\source\repos\tower_deff\tower_deff\Enemy.h(22,49): warning C4244: 'argument': conversion from 'int' to 'T', possible loss of data
C:\Users\hieul\source\repos\tower_deff\tower_deff\Enemy.h(22,49): warning C4244:         with
C:\Users\hieul\source\repos\tower_deff\tower_deff\Enemy.h(22,49): warning C4244:         [
C:\Users\hieul\source\repos\tower_deff\tower_deff\Enemy.h(22,49): warning C4244:             T=float
C:\Users\hieul\source\repos\tower_deff\tower_deff\Enemy.h(22,49): warning C4244:         ]
  (compiling source file 'Tower.cpp')
  
C:\Users\hieul\source\repos\tower_deff\tower_deff\Enemy.h(32,44): warning C4244: 'argument': conversion from 'int' to 'T', possible loss of data
C:\Users\hieul\source\repos\tower_deff\tower_deff\Enemy.h(32,44): warning C4244:         with
C:\Users\hieul\source\repos\tower_deff\tower_deff\Enemy.h(32,44): warning C4244:         [
C:\Users\hieul\source\repos\tower_deff\tower_deff\Enemy.h(32,44): warning C4244:             T=float
C:\Users\hieul\source\repos\tower_deff\tower_deff\Enemy.h(32,44): warning C4244:         ]
  (compiling source file 'Tower.cpp')
  
C:\Users\hieul\source\repos\tower_deff\tower_deff\Enemy.h(31,60): warning C4244: 'argument': conversion from 'int' to 'T', possible loss of data
C:\Users\hieul\source\repos\tower_deff\tower_deff\Enemy.h(31,60): warning C4244:         with
C:\Users\hieul\source\repos\tower_deff\tower_deff\Enemy.h(31,60): warning C4244:         [
C:\Users\hieul\source\repos\tower_deff\tower_deff\Enemy.h(31,60): warning C4244:             T=float
C:\Users\hieul\source\repos\tower_deff\tower_deff\Enemy.h(31,60): warning C4244:         ]
  (compiling source file 'Tower.cpp')
  
  Generating Code...
  tower_deff.vcxproj -> C:\Users\hieul\source\repos\tower_deff\x64\Debug\tower_deff.exe
  'pwsh.exe' is not recognized as an internal or external command,
  operable program or batch file.
